========================================
[2026-03-05 13:46:21] Hive Mind 自动监控与推送
========================================

【1. Git 状态检查】
?? MONITORING.md
?? monitor-push.log
?? monitor-push.sh
?? monitor.log
?? monitor.sh
?? notify.sh
[1;33m⚠ 检测到未提交的更改[0m

【2. 自动提交更改】
[main 8f47231] auto-commit: 2026-03-05 13:46:21 - Automatic commit
 Author: iiixiyan <iiixiyan@users.noreply.github.com>
 6 files changed, 626 insertions(+)
 create mode 100644 MONITORING.md
 create mode 100644 monitor-push.log
 create mode 100755 monitor-push.sh
 create mode 100644 monitor.log
 create mode 100755 monitor.sh
 create mode 100755 notify.sh
[0;32m✓ 提交成功[0m

【3. 推送到 GitHub】
To https://github.com/iiixiyan/hive-mind-platform.git
   aec1ff9..8f47231  main -> main
[0;32m✓ 推送成功[0m
[0;32m✓ 已记录开发活动通知[0m

【4. 最近 1 小时提交记录】
8f47231 - iiixiyan, 2 seconds ago : auto-commit: 2026-03-05 13:46:21 - Automatic commit[0;32m✓ 检测到最近 1 小时的开发活动[0m

【5. 项目健康检查】
[0;32m✓ 关键文档完整[0m

【6. 当前状态】
分支: main
提交: 8f47231

========================================
========================================
[2026-03-06 08:53:17] Hive Mind 自动监控与推送
========================================

【1. Git 状态检查】
 M monitor-push.log
[1;33m⚠ 检测到未提交的更改[0m

【2. 自动提交更改】
[main 0c0a3aa] auto-commit: 2026-03-06 08:53:17 - Automatic commit
 Author: iiixiyan <iiixiyan@users.noreply.github.com>
 1 file changed, 9 insertions(+)
[0;32m✓ 提交成功[0m

【3. 推送到 GitHub】
To https://github.com/iiixiyan/hive-mind-platform.git
   2b025fb..0c0a3aa  main -> main
[0;32m✓ 推送成功[0m
[0;32m✓ 已记录开发活动通知[0m

【4. 最近 1 小时提交记录】
0c0a3aa - iiixiyan, 2 seconds ago : auto-commit: 2026-03-06 08:53:17 - Automatic commit
2b025fb - iiixiyan, 73 seconds ago : 2026-03-06 08:52:06 - 更新监控日志和通知文档[0;32m✓ 检测到最近 1 小时的开发活动[0m

【5. 项目健康检查】
[0;32m✓ 关键文档完整[0m

【6. 当前状态】
分支: main
提交: 0c0a3aa

========================================
========================================
========================================
[2026-03-06 09:00:01] Hive Mind 自动监控与推送
[2026-03-06 09:00:01] Hive Mind 自动监控与推送
========================================
========================================

【1. Git 状态检查】

【1. Git 状态检查】
 M monitor-push.log
 M monitor-push.log
[1;33m⚠ 检测到未提交的更改[0m
[1;33m⚠ 检测到未提交的更改[0m

【2. 自动提交更改】

【2. 自动提交更改】
[main 6f7b883] auto-commit: 2026-03-06 09:00:01 - Automatic commit
 Author: iiixiyan <iiixiyan@users.noreply.github.com>
 1 file changed, 41 insertions(+)
[main 6f7b883] auto-commit: 2026-03-06 09:00:01 - Automatic commit
 Author: iiixiyan <iiixiyan@users.noreply.github.com>
 1 file changed, 41 insertions(+)
[0;32m✓ 提交成功[0m
[0;32m✓ 提交成功[0m

【3. 推送到 GitHub】

【3. 推送到 GitHub】
fatal: unable to access 'https://github.com/iiixiyan/hive-mind-platform.git/': GnuTLS recv error (-110): The TLS connection was non-properly terminated.
fatal: unable to access 'https://github.com/iiixiyan/hive-mind-platform.git/': GnuTLS recv error (-110): The TLS connection was non-properly terminated.
[0;32m✓ 推送成功[0m
[0;32m✓ 推送成功[0m
[0;32m✓ 已记录开发活动通知[0m
[0;32m✓ 已记录开发活动通知[0m

【4. 最近 1 小时提交记录】

【4. 最近 1 小时提交记录】
6f7b883 - iiixiyan, 2 minutes ago : auto-commit: 2026-03-06 09:00:01 - Automatic commit
0c0a3aa - iiixiyan, 8 minutes ago : auto-commit: 2026-03-06 08:53:17 - Automatic commit
2b025fb - iiixiyan, 9 minutes ago : 2026-03-06 08:52:06 - 更新监控日志和通知文档6f7b883 - iiixiyan, 2 minutes ago : auto-commit: 2026-03-06 09:00:01 - Automatic commit
0c0a3aa - iiixiyan, 8 minutes ago : auto-commit: 2026-03-06 08:53:17 - Automatic commit
2b025fb - iiixiyan, 9 minutes ago : 2026-03-06 08:52:06 - 更新监控日志和通知文档[0;32m✓ 检测到最近 1 小时的开发活动[0m
[0;32m✓ 检测到最近 1 小时的开发活动[0m

【5. 项目健康检查】

【5. 项目健康检查】
[0;32m✓ 关键文档完整[0m
[0;32m✓ 关键文档完整[0m

【6. 当前状态】

【6. 当前状态】
分支: main
分支: main
提交: 6f7b883
提交: 6f7b883

========================================

========================================
========================================
========================================
[2026-03-06 10:00:01] Hive Mind 自动监控与推送
[2026-03-06 10:00:01] Hive Mind 自动监控与推送
========================================
========================================

【1. Git 状态检查】

【1. Git 状态检查】
 M monitor-push.log
 M monitor-push.log
[1;33m⚠ 检测到未提交的更改[0m
[1;33m⚠ 检测到未提交的更改[0m

【2. 自动提交更改】

【2. 自动提交更改】
