========================================
[2026-03-05 11:43:17] Hive Mind 开发监控检查
========================================

【1. Git 状态检查】
?? monitor.log
?? monitor.sh
[0;32m✓ 工作树干净，无未提交更改[0m

【2. 最近 24 小时提交记录】
[0;32m✓ 检测到开发活动[0m

【3. 最近 7 天提交记录】
* aec1ff9 - iiixiyan, 3 days ago : feat: 重构安全系统到独立模块
* 1474e91 - iiixiyan, 3 days ago : chore: 更新构建产物和缓存文件
* b0ce6b0 - iiixiyan, 3 days ago : auto-update: 2026-03-02 15:30:01 - Automatic commit
* 394bd01 - iiixiyan, 3 days ago : auto-update: 2026-03-02 14:30:04 - Automatic commit
* 7dd9a63 - iiixiyan, 3 days ago : auto-update: 2026-03-02 14:00:01 - Automatic commit
* 1c83691 - iiixiyan, 3 days ago : feat: 添加审计日志查询 API
* ef537ac - iiixiyan, 3 days ago : auto-update: 2026-03-02 12:00:01 - Automatic commit
* 0021c61 - iiixiyan, 3 days ago : docs: 更新任务进度 - 审计日志存储已完成
* 5b90741 - iiixiyan, 3 days ago : fix: 修复 API 响应中的布尔值类型错误 (true/false -> True/False)
* 9bc9bf9 - iiixiyan, 3 days ago : auto-update: 2026-03-02 11:30:01 - Automatic commit
* a55a8d0 - iiixiyan, 5 days ago : auto-update: 2026-02-28 14:00:01 - Automatic commit
* 01db0e9 - iiixiyan, 6 days ago : feat: v0.1.1 - 完整工作流实现
【4. 未合并的分支】

【5. 最近 TAG】

【6. 最近提交的文件变更统计】
      1 M	backend/core/agents.py
      1 A	backend/core/safety_system.py

【7. 项目健康检查】
✓ README.md 存在
✓ TODO.md 存在
✓ TASKS.md 存在

【8. 项目最新信息】
当前分支: main
当前提交: aec1ff9
提交者: iiixiyan

========================================
========================================
========================================
[2026-03-05 12:00:01] Hive Mind 开发监控检查
[2026-03-05 12:00:01] Hive Mind 开发监控检查
========================================
========================================

【1. Git 状态检查】

【1. Git 状态检查】
?? MONITORING.md
?? monitor.log
?? monitor.sh
?? notify.sh
?? MONITORING.md
?? monitor.log
?? monitor.sh
?? notify.sh
[0;32m✓ 工作树干净，无未提交更改[0m
[0;32m✓ 工作树干净，无未提交更改[0m

【2. 最近 24 小时提交记录】

【2. 最近 24 小时提交记录】
[0;32m✓ 检测到开发活动[0m
[0;32m✓ 检测到开发活动[0m

【3. 最近 7 天提交记录】

【3. 最近 7 天提交记录】
* aec1ff9 - iiixiyan, 3 days ago : feat: 重构安全系统到独立模块
* 1474e91 - iiixiyan, 3 days ago : chore: 更新构建产物和缓存文件
* b0ce6b0 - iiixiyan, 3 days ago : auto-update: 2026-03-02 15:30:01 - Automatic commit
* 394bd01 - iiixiyan, 3 days ago : auto-update: 2026-03-02 14:30:04 - Automatic commit
* 7dd9a63 - iiixiyan, 3 days ago : auto-update: 2026-03-02 14:00:01 - Automatic commit
* 1c83691 - iiixiyan, 3 days ago : feat: 添加审计日志查询 API
* ef537ac - iiixiyan, 3 days ago : auto-update: 2026-03-02 12:00:01 - Automatic commit
* 0021c61 - iiixiyan, 3 days ago : docs: 更新任务进度 - 审计日志存储已完成
* 5b90741 - iiixiyan, 3 days ago : fix: 修复 API 响应中的布尔值类型错误 (true/false -> True/False)
* 9bc9bf9 - iiixiyan, 3 days ago : auto-update: 2026-03-02 11:30:01 - Automatic commit
* a55a8d0 - iiixiyan, 5 days ago : auto-update: 2026-02-28 14:00:01 - Automatic commit
* 01db0e9 - iiixiyan, 6 days ago : feat: v0.1.1 - 完整工作流实现* aec1ff9 - iiixiyan, 3 days ago : feat: 重构安全系统到独立模块
* 1474e91 - iiixiyan, 3 days ago : chore: 更新构建产物和缓存文件
* b0ce6b0 - iiixiyan, 3 days ago : auto-update: 2026-03-02 15:30:01 - Automatic commit
* 394bd01 - iiixiyan, 3 days ago : auto-update: 2026-03-02 14:30:04 - Automatic commit
* 7dd9a63 - iiixiyan, 3 days ago : auto-update: 2026-03-02 14:00:01 - Automatic commit
* 1c83691 - iiixiyan, 3 days ago : feat: 添加审计日志查询 API
* ef537ac - iiixiyan, 3 days ago : auto-update: 2026-03-02 12:00:01 - Automatic commit
* 0021c61 - iiixiyan, 3 days ago : docs: 更新任务进度 - 审计日志存储已完成
* 5b90741 - iiixiyan, 3 days ago : fix: 修复 API 响应中的布尔值类型错误 (true/false -> True/False)
* 9bc9bf9 - iiixiyan, 3 days ago : auto-update: 2026-03-02 11:30:01 - Automatic commit
* a55a8d0 - iiixiyan, 5 days ago : auto-update: 2026-02-28 14:00:01 - Automatic commit
* 01db0e9 - iiixiyan, 6 days ago : feat: v0.1.1 - 完整工作流实现
【4. 未合并的分支】

【4. 未合并的分支】

【5. 最近 TAG】

【5. 最近 TAG】

【6. 最近提交的文件变更统计】

【6. 最近提交的文件变更统计】
      1 M	backend/core/agents.py
      1 A	backend/core/safety_system.py
      1 M	backend/core/agents.py
      1 A	backend/core/safety_system.py

【7. 项目健康检查】

【7. 项目健康检查】
✓ README.md 存在
✓ README.md 存在
✓ TODO.md 存在
✓ TODO.md 存在
✓ TASKS.md 存在
✓ TASKS.md 存在

【8. 项目最新信息】

【8. 项目最新信息】
当前分支: main
当前分支: main
当前提交: aec1ff9
当前提交: aec1ff9
提交者: iiixiyan
提交者: iiixiyan

========================================

========================================
========================================
========================================
[2026-03-05 13:00:01] Hive Mind 开发监控检查
[2026-03-05 13:00:01] Hive Mind 开发监控检查
========================================
========================================

【1. Git 状态检查】

【1. Git 状态检查】
?? MONITORING.md
?? monitor.log
?? monitor.sh
?? notify.sh
?? MONITORING.md
?? monitor.log
?? monitor.sh
?? notify.sh
[0;32m✓ 工作树干净，无未提交更改[0m
[0;32m✓ 工作树干净，无未提交更改[0m

【2. 最近 24 小时提交记录】

【2. 最近 24 小时提交记录】
[0;32m✓ 检测到开发活动[0m
[0;32m✓ 检测到开发活动[0m

【3. 最近 7 天提交记录】

【3. 最近 7 天提交记录】
* aec1ff9 - iiixiyan, 3 days ago : feat: 重构安全系统到独立模块
* 1474e91 - iiixiyan, 3 days ago : chore: 更新构建产物和缓存文件
* b0ce6b0 - iiixiyan, 3 days ago : auto-update: 2026-03-02 15:30:01 - Automatic commit
* 394bd01 - iiixiyan, 3 days ago : auto-update: 2026-03-02 14:30:04 - Automatic commit
* 7dd9a63 - iiixiyan, 3 days ago : auto-update: 2026-03-02 14:00:01 - Automatic commit
* 1c83691 - iiixiyan, 3 days ago : feat: 添加审计日志查询 API
* ef537ac - iiixiyan, 3 days ago : auto-update: 2026-03-02 12:00:01 - Automatic commit
* 0021c61 - iiixiyan, 3 days ago : docs: 更新任务进度 - 审计日志存储已完成
* 5b90741 - iiixiyan, 3 days ago : fix: 修复 API 响应中的布尔值类型错误 (true/false -> True/False)
* 9bc9bf9 - iiixiyan, 3 days ago : auto-update: 2026-03-02 11:30:01 - Automatic commit
* a55a8d0 - iiixiyan, 5 days ago : auto-update: 2026-02-28 14:00:01 - Automatic commit
* 01db0e9 - iiixiyan, 6 days ago : feat: v0.1.1 - 完整工作流实现* aec1ff9 - iiixiyan, 3 days ago : feat: 重构安全系统到独立模块
* 1474e91 - iiixiyan, 3 days ago : chore: 更新构建产物和缓存文件
* b0ce6b0 - iiixiyan, 3 days ago : auto-update: 2026-03-02 15:30:01 - Automatic commit
* 394bd01 - iiixiyan, 3 days ago : auto-update: 2026-03-02 14:30:04 - Automatic commit
* 7dd9a63 - iiixiyan, 3 days ago : auto-update: 2026-03-02 14:00:01 - Automatic commit
* 1c83691 - iiixiyan, 3 days ago : feat: 添加审计日志查询 API
* ef537ac - iiixiyan, 3 days ago : auto-update: 2026-03-02 12:00:01 - Automatic commit
* 0021c61 - iiixiyan, 3 days ago : docs: 更新任务进度 - 审计日志存储已完成
* 5b90741 - iiixiyan, 3 days ago : fix: 修复 API 响应中的布尔值类型错误 (true/false -> True/False)
* 9bc9bf9 - iiixiyan, 3 days ago : auto-update: 2026-03-02 11:30:01 - Automatic commit
* a55a8d0 - iiixiyan, 5 days ago : auto-update: 2026-02-28 14:00:01 - Automatic commit
* 01db0e9 - iiixiyan, 6 days ago : feat: v0.1.1 - 完整工作流实现
【4. 未合并的分支】

【4. 未合并的分支】

【5. 最近 TAG】

【5. 最近 TAG】

【6. 最近提交的文件变更统计】

【6. 最近提交的文件变更统计】
      1 M	backend/core/agents.py
      1 A	backend/core/safety_system.py
      1 M	backend/core/agents.py
      1 A	backend/core/safety_system.py

【7. 项目健康检查】

【7. 项目健康检查】
✓ README.md 存在
✓ README.md 存在
✓ TODO.md 存在
✓ TODO.md 存在
✓ TASKS.md 存在
✓ TASKS.md 存在

【8. 项目最新信息】

【8. 项目最新信息】
当前分支: main
当前分支: main
当前提交: aec1ff9
当前提交: aec1ff9
提交者: iiixiyan
提交者: iiixiyan

========================================

========================================
